<?xml version="1.0" encoding="UTF-8"?>
<!-- Generated by org.testng.reporters.JUnitReportReporter -->
<testsuite hostname="Smartboy" failures="0" tests="4" name="api.test.UserTests" time="6.459" errors="0" timestamp="2024-09-27T01:26:21 IST" skipped="0">
  <testcase classname="api.test.UserTests" name="testPostUser" time="2.768"/>
  <system-out/>
  <testcase classname="api.test.UserTests" name="testGetUserByName" time="1.181"/>
  <system-out/>
  <testcase classname="api.test.UserTests" name="testUpdateUserByName" time="1.222"/>
  <system-out/>
  <testcase classname="api.test.UserTests" name="testDeleteUser" time="1.288"/>
  <system-out/>
</testsuite> <!-- api.test.UserTests -->
