<?xml version="1.0" encoding="UTF-8"?>
<!-- Generated by org.testng.reporters.JUnitReportReporter -->
<testsuite hostname="Smartboy" failures="0" tests="4" name="api.test.UserTests" time="6.326" errors="0" timestamp="2024-09-25T01:44:05 IST" skipped="0">
  <testcase classname="api.test.UserTests" name="testPostUser" time="2.726"/>
  <system-out/>
  <testcase classname="api.test.UserTests" name="testGetUserByName" time="1.298"/>
  <system-out/>
  <testcase classname="api.test.UserTests" name="testUpdateUserByName" time="1.208"/>
  <system-out/>
  <testcase classname="api.test.UserTests" name="testDeleteUser" time="1.094"/>
  <system-out/>
</testsuite> <!-- api.test.UserTests -->
